  MyForm.cpp
E:\_Repository\C\texas holdem\Project1\Project1\Project1\MyForm.h(8403,15): warning C4477: 'printf' : format string '%d' requires an argument of type 'int', but variadic argument 8 has type '__int64'
E:\_Repository\C\texas holdem\Project1\Project1\Project1\MyForm.h(8403,15): message : consider using '%lld' in the format string
E:\_Repository\C\texas holdem\Project1\Project1\Project1\MyForm.h(8403,15): message : consider using '%I64d' in the format string
E:\_Repository\C\texas holdem\Project1\Project1\Project1\MyForm.h(8413,32): warning C4244: '=': conversion from 'double' to 'int', possible loss of data
E:\_Repository\C\texas holdem\Project1\Project1\Project1\MyForm.h(8414,32): warning C4244: '=': conversion from 'double' to 'int', possible loss of data
E:\_Repository\C\texas holdem\Project1\Project1\Project1\MyForm.h(8415,31): warning C4244: '=': conversion from 'double' to 'int', possible loss of data
E:\_Repository\C\texas holdem\Project1\Project1\Project1\MyForm.h(8416,31): warning C4244: '=': conversion from 'double' to 'int', possible loss of data
E:\_Repository\C\texas holdem\Project1\Project1\Project1\MyForm.h(8417,31): warning C4244: '=': conversion from 'double' to 'int', possible loss of data
E:\_Repository\C\texas holdem\Project1\Project1\Project1\MyForm.h(8418,31): warning C4244: '=': conversion from 'double' to 'int', possible loss of data
E:\_Repository\C\texas holdem\Project1\Project1\Project1\MyForm.h(8419,31): warning C4244: '=': conversion from 'double' to 'int', possible loss of data
E:\_Repository\C\texas holdem\Project1\Project1\Project1\MyForm.h(8420,30): warning C4244: '=': conversion from 'double' to 'int', possible loss of data
E:\_Repository\C\texas holdem\Project1\Project1\Project1\MyForm.h(8421,29): warning C4244: '=': conversion from 'double' to 'int', possible loss of data
E:\_Repository\C\texas holdem\Project1\Project1\Project1\MyForm.h(8422,30): warning C4244: '=': conversion from 'double' to 'int', possible loss of data
E:\_Repository\C\texas holdem\Project1\Project1\Project1\MyForm.h(8423,32): warning C4244: '=': conversion from 'double' to 'int', possible loss of data
E:\_Repository\C\texas holdem\Project1\Project1\Project1\MyForm.h(8424,32): warning C4244: '=': conversion from 'double' to 'int', possible loss of data
E:\_Repository\C\texas holdem\Project1\Project1\Project1\MyForm.h(8425,31): warning C4244: '=': conversion from 'double' to 'int', possible loss of data
E:\_Repository\C\texas holdem\Project1\Project1\Project1\MyForm.h(8426,31): warning C4244: '=': conversion from 'double' to 'int', possible loss of data
E:\_Repository\C\texas holdem\Project1\Project1\Project1\MyForm.h(8555,32): warning C4244: '=': conversion from 'double' to 'int', possible loss of data
E:\_Repository\C\texas holdem\Project1\Project1\Project1\MyForm.h(8556,32): warning C4244: '=': conversion from 'double' to 'int', possible loss of data
E:\_Repository\C\texas holdem\Project1\Project1\Project1\MyForm.h(8557,31): warning C4244: '=': conversion from 'double' to 'int', possible loss of data
E:\_Repository\C\texas holdem\Project1\Project1\Project1\MyForm.h(8558,31): warning C4244: '=': conversion from 'double' to 'int', possible loss of data
E:\_Repository\C\texas holdem\Project1\Project1\Project1\MyForm.h(8559,31): warning C4244: '=': conversion from 'double' to 'int', possible loss of data
E:\_Repository\C\texas holdem\Project1\Project1\Project1\MyForm.h(8560,31): warning C4244: '=': conversion from 'double' to 'int', possible loss of data
E:\_Repository\C\texas holdem\Project1\Project1\Project1\MyForm.h(8561,31): warning C4244: '=': conversion from 'double' to 'int', possible loss of data
E:\_Repository\C\texas holdem\Project1\Project1\Project1\MyForm.h(8562,30): warning C4244: '=': conversion from 'double' to 'int', possible loss of data
E:\_Repository\C\texas holdem\Project1\Project1\Project1\MyForm.h(8563,29): warning C4244: '=': conversion from 'double' to 'int', possible loss of data
E:\_Repository\C\texas holdem\Project1\Project1\Project1\MyForm.h(8564,30): warning C4244: '=': conversion from 'double' to 'int', possible loss of data
E:\_Repository\C\texas holdem\Project1\Project1\Project1\MyForm.h(8565,32): warning C4244: '=': conversion from 'double' to 'int', possible loss of data
E:\_Repository\C\texas holdem\Project1\Project1\Project1\MyForm.h(8566,32): warning C4244: '=': conversion from 'double' to 'int', possible loss of data
E:\_Repository\C\texas holdem\Project1\Project1\Project1\MyForm.h(8567,31): warning C4244: '=': conversion from 'double' to 'int', possible loss of data
E:\_Repository\C\texas holdem\Project1\Project1\Project1\MyForm.h(8568,31): warning C4244: '=': conversion from 'double' to 'int', possible loss of data
E:\_Repository\C\texas holdem\Project1\Project1\Project1\MyForm.h(8694,32): warning C4244: '=': conversion from 'double' to 'int', possible loss of data
E:\_Repository\C\texas holdem\Project1\Project1\Project1\MyForm.h(8695,32): warning C4244: '=': conversion from 'double' to 'int', possible loss of data
E:\_Repository\C\texas holdem\Project1\Project1\Project1\MyForm.h(8696,31): warning C4244: '=': conversion from 'double' to 'int', possible loss of data
E:\_Repository\C\texas holdem\Project1\Project1\Project1\MyForm.h(8697,31): warning C4244: '=': conversion from 'double' to 'int', possible loss of data
E:\_Repository\C\texas holdem\Project1\Project1\Project1\MyForm.h(8698,31): warning C4244: '=': conversion from 'double' to 'int', possible loss of data
E:\_Repository\C\texas holdem\Project1\Project1\Project1\MyForm.h(8699,31): warning C4244: '=': conversion from 'double' to 'int', possible loss of data
E:\_Repository\C\texas holdem\Project1\Project1\Project1\MyForm.h(8700,31): warning C4244: '=': conversion from 'double' to 'int', possible loss of data
E:\_Repository\C\texas holdem\Project1\Project1\Project1\MyForm.h(8701,30): warning C4244: '=': conversion from 'double' to 'int', possible loss of data
E:\_Repository\C\texas holdem\Project1\Project1\Project1\MyForm.h(8702,29): warning C4244: '=': conversion from 'double' to 'int', possible loss of data
E:\_Repository\C\texas holdem\Project1\Project1\Project1\MyForm.h(8703,30): warning C4244: '=': conversion from 'double' to 'int', possible loss of data
E:\_Repository\C\texas holdem\Project1\Project1\Project1\MyForm.h(8704,32): warning C4244: '=': conversion from 'double' to 'int', possible loss of data
E:\_Repository\C\texas holdem\Project1\Project1\Project1\MyForm.h(8705,32): warning C4244: '=': conversion from 'double' to 'int', possible loss of data
E:\_Repository\C\texas holdem\Project1\Project1\Project1\MyForm.h(8706,31): warning C4244: '=': conversion from 'double' to 'int', possible loss of data
E:\_Repository\C\texas holdem\Project1\Project1\Project1\MyForm.h(8707,31): warning C4244: '=': conversion from 'double' to 'int', possible loss of data
E:\_Repository\C\texas holdem\Project1\Project1\Project1\MyForm.h(8820,32): warning C4244: '=': conversion from 'double' to 'int', possible loss of data
E:\_Repository\C\texas holdem\Project1\Project1\Project1\MyForm.h(8821,32): warning C4244: '=': conversion from 'double' to 'int', possible loss of data
E:\_Repository\C\texas holdem\Project1\Project1\Project1\MyForm.h(8822,31): warning C4244: '=': conversion from 'double' to 'int', possible loss of data
E:\_Repository\C\texas holdem\Project1\Project1\Project1\MyForm.h(8823,31): warning C4244: '=': conversion from 'double' to 'int', possible loss of data
E:\_Repository\C\texas holdem\Project1\Project1\Project1\MyForm.h(8824,31): warning C4244: '=': conversion from 'double' to 'int', possible loss of data
E:\_Repository\C\texas holdem\Project1\Project1\Project1\MyForm.h(8825,31): warning C4244: '=': conversion from 'double' to 'int', possible loss of data
E:\_Repository\C\texas holdem\Project1\Project1\Project1\MyForm.h(8826,31): warning C4244: '=': conversion from 'double' to 'int', possible loss of data
E:\_Repository\C\texas holdem\Project1\Project1\Project1\MyForm.h(8827,30): warning C4244: '=': conversion from 'double' to 'int', possible loss of data
E:\_Repository\C\texas holdem\Project1\Project1\Project1\MyForm.h(8828,29): warning C4244: '=': conversion from 'double' to 'int', possible loss of data
E:\_Repository\C\texas holdem\Project1\Project1\Project1\MyForm.h(8829,30): warning C4244: '=': conversion from 'double' to 'int', possible loss of data
E:\_Repository\C\texas holdem\Project1\Project1\Project1\MyForm.h(8830,32): warning C4244: '=': conversion from 'double' to 'int', possible loss of data
E:\_Repository\C\texas holdem\Project1\Project1\Project1\MyForm.h(8831,32): warning C4244: '=': conversion from 'double' to 'int', possible loss of data
E:\_Repository\C\texas holdem\Project1\Project1\Project1\MyForm.h(8832,31): warning C4244: '=': conversion from 'double' to 'int', possible loss of data
E:\_Repository\C\texas holdem\Project1\Project1\Project1\MyForm.h(8833,31): warning C4244: '=': conversion from 'double' to 'int', possible loss of data
  MyForm.obj : MSIL module encountered; incremental linking is disabled for MSIL; performing full link
  Project1.vcxproj -> E:\_Repository\C\texas holdem\Project1\Project1\Debug\Project1.exe
